
Processing file 'pgo.pgn' [3 game(s)]

1 (3): Betins, K.-?
********
********
*******p
***KNN*k
**p****p
********
***P**p*
********
White to move
1: 00:00:00 1. Nf3 (2.44) 174
2: 00:00:00 1. Nf3 h3 2. Ke4 (2.16) 1,035
3: 00:00:00 1. Ng7+ Kg5 2. Ne6+ Kf5 3. Nf3 (1.82) 5,646
4: 00:00:00 1. Ng7+ Kg5 2. Ne6+ Kf6 3. Nf3 h3 4. Nf4 (1.54) 6,939
5: 00:00:00 1. Ng7+ Kg5 2. Nf3+ Kf4 3. Ng1 Kg4 4. Kxc4 (1.55) 8,488
6: 00:00:00 1. Ng7+ Kg5 2. Nf3+ Kf4 3. Ng1 h3 4. Nxh3+ Kg3 (0.32) 21,417
7: 00:00:00 1. Ng7+ Kg5 2. Nf3+ Kf4 3. Ng1 h3 4. Nxh3+ Kg3 (0.00) 36,952
8: 00:00:00 1. Ng7+ Kg5 2. Nf3+ Kf4 3. Ng1 h3 4. Nxh3+ Kg3 (0.00) 56,037
9: 00:00:00 1. Ng7+ Kg5 2. Nf3+ Kf4 3. Ng1 h3 4. Nxh3+ Kg3 (0.00) 106,935
10: 00:00:00 1. Ng7+ Kg5 2. Nf3+ Kf4 3. Ng1 h3 4. Nxh3+ Kg3 (0.00) 168,465
11: 00:00:00 1. Ng7+ Kg5 2. Nf3+ Kf4 3. Ng1 h3 4. Nxh3+ Kg3 (0.00) 233,984
12: 00:00:00 1. Ng7+ Kg5 (-0.08) 423,017
12: 00:00:00 1. Ng7+ Kg5 (-0.16) 485,873
12: 00:00:00 1. Ng7+ Kg5 (-0.28) 532,100
12: 00:00:00 1. Ng7+ Kg5 (-0.46) 686,530
12: 00:00:00 1. Ng7+ Kg5 (-0.73) 813,864
12: 00:00:00 1. Ng7+ Kg5 (-1.13) 990,452
12: 00:00:00 1. Ng7+ Kg5 (-1.73) 1,176,919
12: 00:00:00 1. Ng7+ Kg5 (-2.63) 1,384,079
12: 00:00:00 1. Ng3+ hxg3 2. Nf3 Kg4 3. Ke4 h5 4. Ne5+ Kh3 (-2.51) 1,407,777
12: 00:00:00 1. Ng3+ hxg3 2. Nf3 Kg4 3. Ke4 h5 4. Ne5+ Kh3 (-2.51) 1,413,880
13: 00:00:00 1. Ng3+ hxg3 (-2.63) 1,440,943
13: 00:00:00 1. Ng3+ hxg3 (-2.75) 1,492,157
13: 00:00:01 1. Ng3+ hxg3 (-2.93) 1,631,912
13: 00:00:01 1. Ng7+ Kg5 2. Nf3+ Kg4 3. Ne5+ Kf4 4. Nh5+ Kg5 (-2.63) 1,695,379
13: 00:00:01 1. Ng7+ Kg5 2. Nf3+ Kg4 3. Ne5+ Kf4 4. Nh5+ Kg5 (-2.63) 1,695,402
14: 00:00:01 1. Ng7+ Kg5 (-2.75) 2,224,636
14: 00:00:01 1. Ng7+ Kg5 (-2.87) 2,639,311
14: 00:00:01 1. Ng7+ Kg5 (-3.05) 3,053,832
14: 00:00:02 1. Ng7+ Kg5 (-3.32) 3,529,443
14: 00:00:02 1. Ng7+ Kg5 2. Nf3+ Kg4 3. Ne5+ Kf4 4. Nh5+ Kg5 (-3.71) 4,316,000
14: 00:00:02 1. Ng7+ Kg5 2. Nf3+ Kg4 3. Ne5+ Kf4 4. Nh5+ Kg5 (-3.71) 4,389,344
15: 00:00:02 1. Ng7+ (-3.59) 4,500,078
15: 00:00:02 1. Ng7+ (-3.47) 4,501,928
15: 00:00:02 1. Ng7+ (-3.29) 4,505,432
15: 00:00:02 1. Ng7+ (-3.00) 4,508,602
15: 00:00:02 1. Ng7+ Kg5 2. Nf3+ Kg4 3. Ne5+ Kf4 4. Nh5+ Kg5 (-3.59) 4,511,250
15: 00:00:02 1. Ng7+ Kg5 2. Nf3+ Kg4 3. Ne5+ Kf4 4. Nh5+ Kg5 (-3.59) 4,635,310
16: 00:00:03 1. Ng7+ Kg5 (-3.71) 5,922,814
16: 00:00:04 1. Ng7+ Kg5 2. Nf3+ Kg4 3. Nf5 h3 4. Ke4 g1=Q (-3.79) 7,531,065
16: 00:00:04 1. Ng7+ Kg5 2. Nf3+ Kg4 3. Nf5 h3 4. Ke4 g1=Q (-3.79) 7,708,661
17: 00:00:05 1. Ng7+ (-3.67) 8,105,768
17: 00:00:05 1. Ng7+ Kg5 2. Nf3+ Kg4 3. Nf5 h3 4. Ke4 g1=Q (-3.67) 8,140,384
17: 00:00:05 1. Ng7+ Kg5 2. Nf3+ Kg4 3. Nf5 h3 4. Ke4 g1=Q (-3.67) 8,346,917
18: 00:00:07 1. Ng7+ Kg5 2. Nf3+ Kg4 3. Nf5 h3 4. Ke4 g1=Q (-3.69) 11,470,401
18: 00:00:07 1. Ng7+ Kg5 2. Nf3+ Kg4 3. Nf5 h3 4. Ke4 g1=Q (-3.69) 11,703,408
19: 00:00:08 1. Ng7+ (-3.61) 12,713,408
19: 00:00:08 1. Ng7+ Kg5 2. Nf3+ Kg4 3. Nf5 h3 4. Ke4 g1=Q (-3.61) 12,929,735
19: 00:00:09 1. Ng7+ Kg5 2. Nf3+ Kg4 3. Nf5 h3 4. Ke4 g1=Q (-3.61) 13,474,535
20: 00:00:13 1. Ng7+ Kg5 2. Nf3+ Kg4 3. Nf5 h3 4. Ke4 g1=Q (-3.61) 20,145,553
20: 00:00:13 1. Ng7+ Kg5 2. Nf3+ Kg4 3. Nf5 h3 4. Ke4 g1=Q (-3.61) 20,495,471
21: 00:00:17 1. Ng7+ (-3.53) 25,948,134
21: 00:00:17 1. Ng7+ Kg5 2. Nf3+ Kg4 3. Nf5 h3 4. Ke4 g1=Q (-3.53) 26,283,152
21: 00:00:18 1. Ng7+ Kg5 2. Nf3+ Kg4 3. Nf5 h3 4. Ke4 g1=Q (-3.53) 27,213,105
22: 00:00:27 1. Ng7+ Kg5 2. Nf3+ Kg4 3. Nf5 h3 4. Ke4 g1=Q (-3.53) 39,980,976
22: 00:00:28 1. Ng7+ Kg5 2. Nf3+ Kg4 3. Nf5 h3 4. Ke4 g1=Q (-3.53) 40,843,890
23: 00:00:46 1. Ng7+ Kg5 (-3.61) 66,777,684

Processing file 'pgo.pgn' [3 game(s)]

1 (3): Betins, K.-?
********
********
*******p
***KNN*k
**p****p
********
***P**p*
********
White to move
1: 00:00:00 1. Nf3 (2.44) 174
2: 00:00:00 1. Nf3 h3 2. Ke4 (2.16) 1,045
3: 00:00:00 1. Ng7+ Kg5 2. Ne6+ Kf5 3. Nf3 (1.82) 5,585
4: 00:00:00 1. Ng7+ Kg5 2. Ne6+ Kf6 3. Nf3 h3 4. Nf4 (1.54) 6,878
5: 00:00:00 1. Ng7+ Kg5 2. Nf3+ Kf4 3. Ng1 Kg4 4. Kxc4 (1.55) 8,427
6: 00:00:00 1. Ng7+ Kg5 2. Nf3+ Kf4 3. Ng1 h3 4. Nxh3+ Kg3 (0.32) 21,358
7: 00:00:00 1. Ng7+ Kg5 2. Nf3+ Kf4 3. Ng1 h3 4. Nxh3+ Kg3 (0.00) 36,893
8: 00:00:00 1. Ng7+ Kg5 2. Nf3+ Kf4 3. Ng1 h3 4. Nxh3+ Kg3 (0.00) 56,018
9: 00:00:00 1. Ng7+ Kg5 2. Nf3+ Kf4 3. Ng1 h3 4. Nxh3+ Kg3 (0.00) 106,922
10: 00:00:00 1. Ng7+ Kg5 2. Nf3+ Kf4 3. Ng1 h3 4. Nxh3+ Kg3 (0.00) 168,342
11: 00:00:00 1. Ng7+ Kg5 2. Nf3+ Kf4 3. Ng1 h3 4. Nxh3+ Kg3 (0.00) 233,815
12: 00:00:01 1. Ng7+ Kg5 (-0.08) 419,671
12: 00:00:01 1. Ng7+ Kg5 (-0.16) 490,921
12: 00:00:01 1. Ng7+ Kg5 (-0.28) 537,617
12: 00:00:01 1. Ng7+ Kg5 (-0.46) 716,662
12: 00:00:01 1. Ng7+ Kg5 (-0.73) 833,484
12: 00:00:02 1. Ng7+ Kg5 (-1.13) 1,048,382
12: 00:00:02 1. Ng7+ Kg5 (-1.73) 1,244,523
12: 00:00:03 1. Ng7+ Kg5 2. Nf3+ Kg4 3. Ne5+ Kf4 4. Nh5+ Kg5 (-1.81) 1,378,335
12: 00:00:03 1. Ng7+ Kg5 2. Nf3+ Kg4 3. Ne5+ Kf4 4. Nh5+ Kg5 (-1.81) 1,414,514
13: 00:00:03 1. Ng7+ Kg5 (-1.93) 1,707,222
13: 00:00:04 1. Ng7+ Kg5 (-2.05) 1,955,015
13: 00:00:04 1. Ng3+ hxg3 2. Nf3 Kg4 3. Ke4 h5 4. Ne5+ Kh3 (-1.73) 1,981,038
13: 00:00:04 1. Ng3+ hxg3 2. Nf3 Kg4 3. Ke4 h5 4. Ne5+ Kh3 (-1.73) 1,981,060
14: 00:00:04 1. Ng3+ hxg3 (-1.85) 2,013,977
14: 00:00:05 1. Ng3+ hxg3 (-1.97) 2,349,663
14: 00:00:05 1. Ng3+ hxg3 (-2.15) 2,497,036
14: 00:00:06 1. Ng3+ hxg3 (-2.42) 2,771,558
14: 00:00:06 1. Ng3+ hxg3 (-2.82) 3,146,918
14: 00:00:07 1. Ng3+ (-1.56) 3,533,887
14: 00:00:07 1. Ng3+ hxg3 (-3.42) 3,544,517
14: 00:00:08 1. Ng3+ hxg3 (-4.77) 4,122,564
14: 00:00:10 1. Ng7+ Kg5 2. Nf3+ Kg4 3. Nf5 h3 4. Ke4 g1=Q (-3.82) 4,639,687
14: 00:00:10 1. Ng7+ Kg5 2. Nf3+ Kg4 3. Nf5 h3 4. Ke4 g1=Q (-3.82) 4,730,376
15: 00:00:13 1. Ng7+ Kg5 2. Nf3+ Kg4 3. Nf5 h3 4. Ke4 g1=Q (-3.72) 5,950,800
15: 00:00:13 1. Ng7+ Kg5 2. Nf3+ Kg4 3. Nf5 h3 4. Ke4 g1=Q (-3.72) 6,020,465
16: 00:00:17 1. Ng7+ Kg5 2. Nf3+ Kg4 3. Nf5 h3 4. Ke4 g1=Q (-3.71) 7,514,287
16: 00:00:17 1. Ng7+ Kg5 2. Nf3+ Kg4 3. Nf5 h3 4. Ke4 g1=Q (-3.71) 7,739,692
17: 00:00:23 1. Ng7+ Kg5 2. Nf3+ Kg4 3. Nf5 h3 4. Ke4 g1=Q (-3.73) 10,182,586
17: 00:00:24 1. Ng7+ Kg5 2. Nf3+ Kg4 3. Nf5 h3 4. Ke4 g1=Q (-3.73) 10,428,985
18: 00:00:26 1. Ng7+ (-3.65) 11,144,298
18: 00:00:26 1. Ng7+ Kg5 2. Nf3+ Kg4 3. Nf5 h3 4. Ke4 g1=Q (-3.65) 11,161,632
18: 00:00:26 1. Ng7+ Kg5 2. Nf3+ Kg4 3. Nf5 h3 4. Ke4 g1=Q (-3.65) 11,481,812
19: 00:00:38 1. Ng7+ Kg5 2. Nf3+ Kg4 3. Nf5 h3 4. Ke4 g1=Q (-3.65) 15,981,206
19: 00:00:38 1. Ng7+ Kg5 2. Nf3+ Kg4 3. Nf5 h3 4. Ke4 g1=Q (-3.65) 16,203,152
20: 00:00:56 1. Ng7+ Kg5 2. Nf3+ Kg4 3. Nf5 h3 4. Ke4 g1=Q (-3.59) 23,197,977
20: 00:00:58 1. Ng7+ Kg5 2. Nf3+ Kg4 3. Nf5 h3 4. Ke4 g1=Q (-3.59) 23,929,347
23929347 nodes in 58566 msec
408 knps

2 (3): Protector, 1.1.0.-Toga II, 1.2.1x
***q*r*k
***nb*pp
***p*pP*
***QpP*P
*p**P***
r*n*B*N*
P*P*****
K*N**R*R
White to move
1: 00:00:00 26. Qe6 (-0.46) 444
2: 00:00:00 26. Qc4 Nc5 27. Qxb4 (-0.44) 2,279
3: 00:00:00 26. Qd2 Nc5 27. h6 Qa8 (-0.05) 12,214
4: 00:00:00 26. Qe6 h6 27. Qc4 Qa5 (-0.29) 14,902
5: 00:00:00 26. Qe6 h6 27. Rhg1 Nc5 28. Bxc5 dxc5 (-0.78) 16,849
6: 00:00:00 26. Qc4 d5 27. exd5 Nxa2 28. Nxa2 Rxe3 29. Ne4 Nb6 (-0.54) 23,465
7: 00:00:00 26. Qc4 d5 27. exd5 Nxa2 28. Nxa2 Rxe3 29. h6 Rxg3 (-0.25) 30,716
8: 00:00:00 26. Qc4 Nxa2 27. h6 Nc3+ 28. Kb2 d5 29. hxg7+ Kxg7 (-0.42) 54,360
9: 00:00:00 26. Qc4 h6 27. Bf2 Qa5 28. Nge2 d5 29. exd5 Nxd5 (-0.40) 95,178
10: 00:00:00 26. Qc4 h6 27. Bf2 Qa5 28. Nge2 d5 29. exd5 Nxd5 (-0.53) 129,250
11: 00:00:01 26. Qc4 h6 (-0.91) 273,101
11: 00:00:01 26. Qc4 h6 (-1.18) 392,842
11: 00:00:01 26. Qe6 h6 27. Bf2 Nc5 28. Bxc5 dxc5 29. Rf3 Re8 (-1.12) 404,416
11: 00:00:01 26. Qe6 h6 27. Bf2 Nc5 28. Bxc5 dxc5 29. Rf3 Re8 (-1.12) 411,426
12: 00:00:02 26. Qe6 h6 (-1.24) 501,934
12: 00:00:03 26. Qe6 (-1.00) 725,536
12: 00:00:03 26. Qe6 h6 27. Re1 Nc5 28. Bxc5 dxc5 29. Nge2 Nxe4 (-1.19) 741,885
12: 00:00:03 26. Qe6 h6 27. Re1 Nc5 28. Bxc5 dxc5 29. Nge2 Nxe4 (-1.19) 741,928
13: 00:00:03 26. Qe6 h6 (-1.31) 849,992
13: 00:00:04 26. Qe6 (-1.07) 980,021
13: 00:00:04 26. Qe6 h6 27. Re1 Nc5 28. Bxc5 dxc5 29. Nge2 Nxe4 (-1.34) 999,388
13: 00:00:04 26. Qe6 h6 27. Re1 Nc5 28. Bxc5 dxc5 29. Nge2 Nxe4 (-1.34) 1,099,010
14: 00:00:06 26. Qe6 h6 (-1.45) 1,409,225
14: 00:00:07 26. Qe6 h6 (-1.56) 1,699,579
14: 00:00:08 26. Qe6 h6 (-1.72) 2,124,004
14: 00:00:10 26. Qe6 h6 (-1.96) 2,493,051
14: 00:00:13 26. Qe6 h6 27. Rf3 d5 28. exd5 Nc5 29. Bxc5 Bxc5 (-2.06) 3,124,757
14: 00:00:14 26. Qe6 h6 27. Rf3 d5 28. exd5 Nc5 29. Bxc5 Bxc5 (-2.06) 3,401,961
15: 00:00:15 26. Qe6 h6 (-2.18) 3,684,629
15: 00:00:18 26. Qe6 h6 (-2.30) 4,349,306
15: 00:00:24 26. Qe6 h6 27. Rf3 d5 28. Nge2 Nxe2 29. Nxe2 d4 (-2.41) 5,870,045
15: 00:00:25 26. Qc4 h6 27. Rfg1 Nxa2 28. Nxa2 Rxe3 29. Rg2 Nc5 (-2.31) 6,059,902
15: 00:00:25 26. Qc4 h6 27. Rfg1 Nxa2 28. Nxa2 Rxe3 29. Rg2 Nc5 (-2.31) 6,091,774
16: 00:00:29 26. Qc4 h6 (-2.43) 6,939,897
16: 00:00:36 26. Qc4 h6 (-2.55) 8,493,446
16: 00:00:37 26. Qe6 h6 27. Rhg1 Nxa2 28. Nxa2 Rxe3 29. Qc4 Nc5 (-2.39) 8,814,797
16: 00:00:37 26. Qe6 h6 27. Rhg1 Nxa2 28. Nxa2 Rxe3 29. Qc4 Nc5 (-2.39) 8,814,839
17: 00:00:41 26. Qe6 h6 (-2.51) 9,632,311
17: 00:00:50 26. Qe6 h6 (-2.63) 11,732,090
17: 00:00:51 26. Qc4 h6 27. Nge2 Nxa2 28. Nxa2 Rxe3 29. Nec1 Nc5 (-2.51) 11,978,871
17: 00:00:51 26. Qc4 h6 27. Nge2 Nxa2 28. Nxa2 Rxe3 29. Nec1 Nc5 (-2.51) 11,978,913
18: 00:00:58 26. Qc4 h6 (-2.61) 13,523,649

Processing file 'pgo.pgn' [3 game(s)]

1 (3): Betins, K.-?
********
********
*******p
***KNN*k
**p****p
********
***P**p*
********
White to move
1: 00:00:00 1. Nf3 (2.44) 174
2: 00:00:00 1. Nf3 h3 2. Ke4 (2.16) 1,045
3: 00:00:00 1. Ng7+ Kg5 2. Ne6+ Kf5 3. Nf3 (1.82) 5,585
4: 00:00:00 1. Ng7+ Kg5 2. Ne6+ Kf6 3. Nf3 h3 4. Nf4 (1.54) 6,878
5: 00:00:00 1. Ng7+ Kg5 2. Nf3+ Kf4 3. Ng1 Kg4 4. Kxc4 (1.55) 8,427
6: 00:00:00 1. Ng7+ Kg5 2. Nf3+ Kf4 3. Ng1 h3 4. Nxh3+ Kg3 (0.32) 21,358
7: 00:00:00 1. Ng7+ Kg5 2. Nf3+ Kf4 3. Ng1 h3 4. Nxh3+ Kg3 (0.00) 36,893
8: 00:00:00 1. Ng7+ Kg5 2. Nf3+ Kf4 3. Ng1 h3 4. Nxh3+ Kg3 (0.00) 56,018
9: 00:00:00 1. Ng7+ Kg5 2. Nf3+ Kf4 3. Ng1 h3 4. Nxh3+ Kg3 (0.00) 106,922
10: 00:00:00 1. Ng7+ Kg5 2. Nf3+ Kf4 3. Ng1 h3 4. Nxh3+ Kg3 (0.00) 168,342
11: 00:00:00 1. Ng7+ Kg5 2. Nf3+ Kf4 3. Ng1 h3 4. Nxh3+ Kg3 (0.00) 233,815
12: 00:00:01 1. Ng7+ Kg5 (-0.08) 419,671
12: 00:00:01 1. Ng7+ Kg5 (-0.16) 490,921
12: 00:00:01 1. Ng7+ Kg5 (-0.28) 537,617
12: 00:00:01 1. Ng7+ Kg5 (-0.46) 716,662
12: 00:00:01 1. Ng7+ Kg5 (-0.73) 833,484
12: 00:00:02 1. Ng7+ Kg5 (-1.13) 1,048,382
12: 00:00:02 1. Ng7+ Kg5 (-1.73) 1,244,523
12: 00:00:03 1. Ng7+ Kg5 2. Nf3+ Kg4 3. Ne5+ Kf4 4. Nh5+ Kg5 (-1.81) 1,378,335
12: 00:00:03 1. Ng7+ Kg5 2. Nf3+ Kg4 3. Ne5+ Kf4 4. Nh5+ Kg5 (-1.81) 1,414,514
13: 00:00:03 1. Ng7+ Kg5 (-1.93) 1,707,222
13: 00:00:04 1. Ng7+ Kg5 (-2.05) 1,955,015
13: 00:00:04 1. Ng3+ hxg3 2. Nf3 Kg4 3. Ke4 h5 4. Ne5+ Kh3 (-1.73) 1,981,038
13: 00:00:04 1. Ng3+ hxg3 2. Nf3 Kg4 3. Ke4 h5 4. Ne5+ Kh3 (-1.73) 1,981,060
14: 00:00:04 1. Ng3+ hxg3 (-1.85) 2,013,977
14: 00:00:05 1. Ng3+ hxg3 (-1.97) 2,349,663
14: 00:00:05 1. Ng3+ hxg3 (-2.15) 2,497,036
14: 00:00:06 1. Ng3+ hxg3 (-2.42) 2,771,558
14: 00:00:06 1. Ng3+ hxg3 (-2.82) 3,146,918
14: 00:00:07 1. Ng3+ (-1.56) 3,533,887
14: 00:00:07 1. Ng3+ hxg3 (-3.42) 3,544,517
14: 00:00:08 1. Ng3+ hxg3 (-4.77) 4,122,564
14: 00:00:10 1. Ng7+ Kg5 2. Nf3+ Kg4 3. Nf5 h3 4. Ke4 g1=Q (-3.82) 4,639,687
14: 00:00:10 1. Ng7+ Kg5 2. Nf3+ Kg4 3. Nf5 h3 4. Ke4 g1=Q (-3.82) 4,730,376
15: 00:00:13 1. Ng7+ Kg5 2. Nf3+ Kg4 3. Nf5 h3 4. Ke4 g1=Q (-3.72) 5,950,800
15: 00:00:13 1. Ng7+ Kg5 2. Nf3+ Kg4 3. Nf5 h3 4. Ke4 g1=Q (-3.72) 6,020,465
16: 00:00:17 1. Ng7+ Kg5 2. Nf3+ Kg4 3. Nf5 h3 4. Ke4 g1=Q (-3.71) 7,514,287
16: 00:00:17 1. Ng7+ Kg5 2. Nf3+ Kg4 3. Nf5 h3 4. Ke4 g1=Q (-3.71) 7,739,692
17: 00:00:24 1. Ng7+ Kg5 2. Nf3+ Kg4 3. Nf5 h3 4. Ke4 g1=Q (-3.73) 10,182,586
17: 00:00:24 1. Ng7+ Kg5 2. Nf3+ Kg4 3. Nf5 h3 4. Ke4 g1=Q (-3.73) 10,428,985
18: 00:00:26 1. Ng7+ (-3.65) 11,144,298
18: 00:00:26 1. Ng7+ Kg5 2. Nf3+ Kg4 3. Nf5 h3 4. Ke4 g1=Q (-3.65) 11,161,632
18: 00:00:27 1. Ng7+ Kg5 2. Nf3+ Kg4 3. Nf5 h3 4. Ke4 g1=Q (-3.65) 11,481,812
19: 00:00:39 1. Ng7+ Kg5 2. Nf3+ Kg4 3. Nf5 h3 4. Ke4 g1=Q (-3.65) 15,981,206
19: 00:00:39 1. Ng7+ Kg5 2. Nf3+ Kg4 3. Nf5 h3 4. Ke4 g1=Q (-3.65) 16,203,152
20: 00:00:57 1. Ng7+ Kg5 2. Nf3+ Kg4 3. Nf5 h3 4. Ke4 g1=Q (-3.59) 23,197,977
20: 00:00:59 1. Ng7+ Kg5 2. Nf3+ Kg4 3. Nf5 h3 4. Ke4 g1=Q (-3.59) 23,929,347
23929347 nodes in 59632 msec
401 knps

2 (3): Protector, 1.1.0.-Toga II, 1.2.1x
***q*r*k
***nb*pp
***p*pP*
***QpP*P
*p**P***
r*n*B*N*
P*P*****
K*N**R*R
White to move
1: 00:00:00 26. Qe6 (-0.46) 444
2: 00:00:00 26. Qc4 Nc5 27. Qxb4 (-0.44) 2,279
3: 00:00:00 26. Qd2 Nc5 27. h6 Qa8 (-0.05) 12,214
4: 00:00:00 26. Qe6 h6 27. Qc4 Qa5 (-0.29) 14,902
5: 00:00:00 26. Qe6 h6 27. Rhg1 Nc5 28. Bxc5 dxc5 (-0.78) 16,849
6: 00:00:00 26. Qc4 d5 27. exd5 Nxa2 28. Nxa2 Rxe3 29. Ne4 Nb6 (-0.54) 23,465
7: 00:00:00 26. Qc4 d5 27. exd5 Nxa2 28. Nxa2 Rxe3 29. h6 Rxg3 (-0.25) 30,716
8: 00:00:00 26. Qc4 Nxa2 27. h6 Nc3+ 28. Kb2 d5 29. hxg7+ Kxg7 (-0.42) 54,360
9: 00:00:00 26. Qc4 h6 27. Bf2 Qa5 28. Nge2 d5 29. exd5 Nxd5 (-0.40) 95,178
10: 00:00:00 26. Qc4 h6 27. Bf2 Qa5 28. Nge2 d5 29. exd5 Nxd5 (-0.53) 129,250
11: 00:00:01 26. Qc4 h6 (-0.91) 273,101
11: 00:00:01 26. Qc4 h6 (-1.18) 392,842
11: 00:00:01 26. Qe6 h6 27. Bf2 Nc5 28. Bxc5 dxc5 29. Rf3 Re8 (-1.12) 404,416
11: 00:00:01 26. Qe6 h6 27. Bf2 Nc5 28. Bxc5 dxc5 29. Rf3 Re8 (-1.12) 411,426
12: 00:00:02 26. Qe6 h6 (-1.24) 501,934
12: 00:00:03 26. Qe6 (-1.00) 725,536
12: 00:00:03 26. Qe6 h6 27. Re1 Nc5 28. Bxc5 dxc5 29. Nge2 Nxe4 (-1.19) 741,885
12: 00:00:03 26. Qe6 h6 27. Re1 Nc5 28. Bxc5 dxc5 29. Nge2 Nxe4 (-1.19) 741,928
13: 00:00:03 26. Qe6 h6 (-1.31) 849,992
13: 00:00:04 26. Qe6 (-1.07) 980,021
13: 00:00:04 26. Qe6 h6 27. Re1 Nc5 28. Bxc5 dxc5 29. Nge2 Nxe4 (-1.34) 999,388
13: 00:00:04 26. Qe6 h6 27. Re1 Nc5 28. Bxc5 dxc5 29. Nge2 Nxe4 (-1.34) 1,099,010
14: 00:00:06 26. Qe6 h6 (-1.45) 1,409,225
14: 00:00:07 26. Qe6 h6 (-1.56) 1,699,579
14: 00:00:09 26. Qe6 h6 (-1.72) 2,124,004
14: 00:00:10 26. Qe6 h6 (-1.96) 2,493,051
14: 00:00:13 26. Qe6 h6 27. Rf3 d5 28. exd5 Nc5 29. Bxc5 Bxc5 (-2.06) 3,124,757
14: 00:00:14 26. Qe6 h6 27. Rf3 d5 28. exd5 Nc5 29. Bxc5 Bxc5 (-2.06) 3,401,961
15: 00:00:15 26. Qe6 h6 (-2.18) 3,684,629
15: 00:00:18 26. Qe6 h6 (-2.30) 4,349,306
15: 00:00:24 26. Qe6 h6 27. Rf3 d5 28. Nge2 Nxe2 29. Nxe2 d4 (-2.41) 5,870,045
15: 00:00:25 26. Qc4 h6 27. Rfg1 Nxa2 28. Nxa2 Rxe3 29. Rg2 Nc5 (-2.31) 6,059,902
15: 00:00:25 26. Qc4 h6 27. Rfg1 Nxa2 28. Nxa2 Rxe3 29. Rg2 Nc5 (-2.31) 6,091,774
16: 00:00:29 26. Qc4 h6 (-2.43) 6,939,897
16: 00:00:36 26. Qc4 h6 (-2.55) 8,493,446
16: 00:00:37 26. Qe6 h6 27. Rhg1 Nxa2 28. Nxa2 Rxe3 29. Qc4 Nc5 (-2.39) 8,814,797
16: 00:00:37 26. Qe6 h6 27. Rhg1 Nxa2 28. Nxa2 Rxe3 29. Qc4 Nc5 (-2.39) 8,814,839
17: 00:00:40 26. Qe6 h6 (-2.51) 9,632,311
17: 00:00:50 26. Qe6 h6 (-2.63) 11,732,090
17: 00:00:51 26. Qc4 h6 27. Nge2 Nxa2 28. Nxa2 Rxe3 29. Nec1 Nc5 (-2.51) 11,978,871
17: 00:00:51 26. Qc4 h6 27. Nge2 Nxa2 28. Nxa2 Rxe3 29. Nec1 Nc5 (-2.51) 11,978,913
18: 00:00:57 26. Qc4 h6 (-2.61) 13,523,649

Processing file 'pgo.pgn' [1 game(s)]

1 (1): Betins, K.-?
********
********
*******p
***KNN*k
**p****p
********
***P**p*
********
White to move
1: 00:00:00 1. Nf3 (2.44) 174
2: 00:00:00 1. Nf3 h3 2. Ke4 (2.16) 1,045
3: 00:00:00 1. Ng7+ Kg5 2. Ne6+ Kf5 3. Nf3 (1.82) 5,585
4: 00:00:00 1. Ng7+ Kg5 2. Ne6+ Kf6 3. Nf3 h3 4. Nf4 (1.54) 6,878
5: 00:00:00 1. Ng7+ Kg5 2. Nf3+ Kf4 3. Ng1 Kg4 4. Kxc4 (1.55) 8,427
6: 00:00:00 1. Ng7+ Kg5 2. Nf3+ Kf4 3. Ng1 h3 4. Nxh3+ Kg3 (0.32) 21,358
7: 00:00:00 1. Ng7+ Kg5 2. Nf3+ Kf4 3. Ng1 h3 4. Nxh3+ Kg3 (0.00) 36,893
8: 00:00:00 1. Ng7+ Kg5 2. Nf3+ Kf4 3. Ng1 h3 4. Nxh3+ Kg3 (0.00) 56,018
9: 00:00:00 1. Ng7+ Kg5 2. Nf3+ Kf4 3. Ng1 h3 4. Nxh3+ Kg3 (0.00) 106,922
10: 00:00:00 1. Ng7+ Kg5 2. Nf3+ Kf4 3. Ng1 h3 4. Nxh3+ Kg3 (0.00) 168,342
11: 00:00:00 1. Ng7+ Kg5 2. Nf3+ Kf4 3. Ng1 h3 4. Nxh3+ Kg3 (0.00) 233,815
12: 00:00:01 1. Ng7+ Kg5 (-0.08) 419,671
12: 00:00:01 1. Ng7+ Kg5 (-0.16) 490,921
12: 00:00:01 1. Ng7+ Kg5 (-0.28) 537,617
12: 00:00:01 1. Ng7+ Kg5 (-0.46) 716,662
12: 00:00:01 1. Ng7+ Kg5 (-0.73) 833,484
12: 00:00:02 1. Ng7+ Kg5 (-1.13) 1,048,382
12: 00:00:02 1. Ng7+ Kg5 (-1.73) 1,244,523
12: 00:00:03 1. Ng7+ Kg5 2. Nf3+ Kg4 3. Ne5+ Kf4 4. Nh5+ Kg5 (-1.81) 1,378,335
12: 00:00:03 1. Ng7+ Kg5 2. Nf3+ Kg4 3. Ne5+ Kf4 4. Nh5+ Kg5 (-1.81) 1,414,514
13: 00:00:03 1. Ng7+ Kg5 (-1.93) 1,707,222
13: 00:00:04 1. Ng7+ Kg5 (-2.05) 1,955,015
13: 00:00:04 1. Ng3+ hxg3 2. Nf3 Kg4 3. Ke4 h5 4. Ne5+ Kh3 (-1.73) 1,981,038
13: 00:00:04 1. Ng3+ hxg3 2. Nf3 Kg4 3. Ke4 h5 4. Ne5+ Kh3 (-1.73) 1,981,060
14: 00:00:04 1. Ng3+ hxg3 (-1.85) 2,013,977
14: 00:00:05 1. Ng3+ hxg3 (-1.97) 2,349,663
14: 00:00:05 1. Ng3+ hxg3 (-2.15) 2,497,036
14: 00:00:06 1. Ng3+ hxg3 (-2.42) 2,771,558
14: 00:00:06 1. Ng3+ hxg3 (-2.82) 3,146,918
14: 00:00:07 1. Ng3+ (-1.56) 3,533,887
14: 00:00:07 1. Ng3+ hxg3 (-3.42) 3,544,517
14: 00:00:08 1. Ng3+ hxg3 (-4.77) 4,122,564
14: 00:00:10 1. Ng7+ Kg5 2. Nf3+ Kg4 3. Nf5 h3 4. Ke4 g1=Q (-3.82) 4,639,687
14: 00:00:10 1. Ng7+ Kg5 2. Nf3+ Kg4 3. Nf5 h3 4. Ke4 g1=Q (-3.82) 4,730,376
15: 00:00:13 1. Ng7+ Kg5 2. Nf3+ Kg4 3. Nf5 h3 4. Ke4 g1=Q (-3.72) 5,950,800
15: 00:00:13 1. Ng7+ Kg5 2. Nf3+ Kg4 3. Nf5 h3 4. Ke4 g1=Q (-3.72) 6,020,465
16: 00:00:17 1. Ng7+ Kg5 2. Nf3+ Kg4 3. Nf5 h3 4. Ke4 g1=Q (-3.71) 7,514,287
16: 00:00:17 1. Ng7+ Kg5 2. Nf3+ Kg4 3. Nf5 h3 4. Ke4 g1=Q (-3.71) 7,739,692
17: 00:00:23 1. Ng7+ Kg5 2. Nf3+ Kg4 3. Nf5 h3 4. Ke4 g1=Q (-3.73) 10,182,586
17: 00:00:24 1. Ng7+ Kg5 2. Nf3+ Kg4 3. Nf5 h3 4. Ke4 g1=Q (-3.73) 10,428,985
18: 00:00:26 1. Ng7+ (-3.65) 11,144,298
18: 00:00:26 1. Ng7+ Kg5 2. Nf3+ Kg4 3. Nf5 h3 4. Ke4 g1=Q (-3.65) 11,161,632
18: 00:00:26 1. Ng7+ Kg5 2. Nf3+ Kg4 3. Nf5 h3 4. Ke4 g1=Q (-3.65) 11,481,812
19: 00:00:38 1. Ng7+ Kg5 2. Nf3+ Kg4 3. Nf5 h3 4. Ke4 g1=Q (-3.65) 15,981,206
19: 00:00:39 1. Ng7+ Kg5 2. Nf3+ Kg4 3. Nf5 h3 4. Ke4 g1=Q (-3.65) 16,203,152
20: 00:00:57 1. Ng7+ Kg5 2. Nf3+ Kg4 3. Nf5 h3 4. Ke4 g1=Q (-3.59) 23,197,977
20: 00:00:59 1. Ng7+ Kg5 2. Nf3+ Kg4 3. Nf5 h3 4. Ke4 g1=Q (-3.59) 23,929,347
23929347 nodes in 59187 msec
404 knps

Testsuite 'pgo.pgn': 0/1 solved, 23,929,347 nodes
Not solved: 1 
